  REnemy.cpp
c:\users\thorsten\documents\github\cgue18-starman\ecg_solution\src\gameobjects\shots.h(3): warning C4067: unexpected tokens following preprocessor directive - expected a newline
c:\users\thorsten\documents\github\cgue18-starman\bullet\src\linearmath\btidebugdraw.h(169): warning C4305: 'argument': truncation from 'double' to 'const btScalar'
c:\users\thorsten\documents\github\cgue18-starman\bullet\src\linearmath\btidebugdraw.h(170): warning C4305: 'argument': truncation from 'double' to 'const btScalar'
c:\users\thorsten\documents\github\cgue18-starman\bullet\src\linearmath\btidebugdraw.h(171): warning C4305: 'argument': truncation from 'double' to 'const btScalar'
c:\users\thorsten\documents\github\cgue18-starman\ecg_solution\src\utility\random.h(8): warning C4244: 'return': conversion from 'float' to 'int', possible loss of data
c:\users\thorsten\documents\github\cgue18-starman\ecg_solution\src\gameobjects\renemy.cpp(8): warning C4244: '=': conversion from 'int' to 'float', possible loss of data
c:\users\thorsten\documents\github\cgue18-starman\ecg_solution\src\gameobjects\renemy.cpp(9): warning C4244: '=': conversion from 'int' to 'float', possible loss of data
c:\users\thorsten\documents\github\cgue18-starman\ecg_solution\src\gameobjects\renemy.cpp(10): warning C4244: '=': conversion from 'int' to 'float', possible loss of data
c:\users\thorsten\documents\github\cgue18-starman\ecg_solution\src\gameobjects\renemy.cpp(23): warning C4018: '<': signed/unsigned mismatch
c:\users\thorsten\documents\github\cgue18-starman\ecg_solution\src\gameobjects\renemy.cpp(67): warning C4018: '<': signed/unsigned mismatch
c:\users\thorsten\documents\github\cgue18-starman\ecg_solution\src\gameobjects\renemy.cpp(71): warning C4018: '<': signed/unsigned mismatch
c:\users\thorsten\documents\github\cgue18-starman\ecg_solution\src\gameobjects\renemy.cpp(88): warning C4018: '<': signed/unsigned mismatch
c:\users\thorsten\documents\github\cgue18-starman\ecg_solution\src\gameobjects\renemy.cpp(93): warning C4018: '<': signed/unsigned mismatch
  RPlayer.cpp
c:\users\thorsten\documents\github\cgue18-starman\ecg_solution\src\gameobjects\shots.h(3): warning C4067: unexpected tokens following preprocessor directive - expected a newline
c:\users\thorsten\documents\github\cgue18-starman\bullet\src\linearmath\btidebugdraw.h(169): warning C4305: 'argument': truncation from 'double' to 'const btScalar'
c:\users\thorsten\documents\github\cgue18-starman\bullet\src\linearmath\btidebugdraw.h(170): warning C4305: 'argument': truncation from 'double' to 'const btScalar'
c:\users\thorsten\documents\github\cgue18-starman\bullet\src\linearmath\btidebugdraw.h(171): warning C4305: 'argument': truncation from 'double' to 'const btScalar'
c:\users\thorsten\documents\github\cgue18-starman\ecg_solution\src\utility\random.h(8): warning C4244: 'return': conversion from 'float' to 'int', possible loss of data
c:\users\thorsten\documents\github\cgue18-starman\ecg_solution\src\gameobjects\rplayer.cpp(78): warning C4244: '=': conversion from 'double' to 'int', possible loss of data
c:\users\thorsten\documents\github\cgue18-starman\ecg_solution\src\gameobjects\rplayer.cpp(105): warning C4244: 'argument': conversion from 'int' to 'const btScalar', possible loss of data
c:\users\thorsten\documents\github\cgue18-starman\ecg_solution\src\gameobjects\rplayer.cpp(116): warning C4244: 'argument': conversion from 'int' to 'float', possible loss of data
c:\users\thorsten\documents\github\cgue18-starman\ecg_solution\src\gameobjects\rplayer.cpp(119): warning C4244: 'argument': conversion from 'float' to 'int', possible loss of data
c:\users\thorsten\documents\github\cgue18-starman\ecg_solution\src\gameobjects\rplayer.cpp(126): warning C4018: '<': signed/unsigned mismatch
c:\users\thorsten\documents\github\cgue18-starman\ecg_solution\src\gameobjects\rplayer.cpp(128): warning C4244: 'argument': conversion from 'int' to 'float', possible loss of data
c:\users\thorsten\documents\github\cgue18-starman\ecg_solution\src\gameobjects\rplayer.cpp(177): warning C4018: '<': signed/unsigned mismatch
  RUnit.cpp
c:\users\thorsten\documents\github\cgue18-starman\ecg_solution\src\gameobjects\shots.h(3): warning C4067: unexpected tokens following preprocessor directive - expected a newline
c:\users\thorsten\documents\github\cgue18-starman\bullet\src\linearmath\btidebugdraw.h(169): warning C4305: 'argument': truncation from 'double' to 'const btScalar'
c:\users\thorsten\documents\github\cgue18-starman\bullet\src\linearmath\btidebugdraw.h(170): warning C4305: 'argument': truncation from 'double' to 'const btScalar'
c:\users\thorsten\documents\github\cgue18-starman\bullet\src\linearmath\btidebugdraw.h(171): warning C4305: 'argument': truncation from 'double' to 'const btScalar'
c:\users\thorsten\documents\github\cgue18-starman\ecg_solution\src\utility\random.h(8): warning C4244: 'return': conversion from 'float' to 'int', possible loss of data
c:\users\thorsten\documents\github\cgue18-starman\ecg_solution\src\gameobjects\runit.cpp(23): warning C4244: 'initializing': conversion from 'int' to 'float', possible loss of data
c:\users\thorsten\documents\github\cgue18-starman\ecg_solution\src\gameobjects\runit.cpp(24): warning C4244: 'initializing': conversion from 'int' to 'float', possible loss of data
c:\users\thorsten\documents\github\cgue18-starman\ecg_solution\src\gameobjects\runit.cpp(140): warning C4018: '<': signed/unsigned mismatch
c:\users\thorsten\documents\github\cgue18-starman\ecg_solution\src\gameobjects\runit.cpp(162): warning C4018: '<': signed/unsigned mismatch
  Main.cpp
c:\users\thorsten\documents\github\cgue18-starman\ecg_solution\src\gameobjects\shots.h(3): warning C4067: unexpected tokens following preprocessor directive - expected a newline
c:\users\thorsten\documents\github\cgue18-starman\bullet\src\linearmath\btidebugdraw.h(169): warning C4305: 'argument': truncation from 'double' to 'const btScalar'
c:\users\thorsten\documents\github\cgue18-starman\bullet\src\linearmath\btidebugdraw.h(170): warning C4305: 'argument': truncation from 'double' to 'const btScalar'
c:\users\thorsten\documents\github\cgue18-starman\bullet\src\linearmath\btidebugdraw.h(171): warning C4305: 'argument': truncation from 'double' to 'const btScalar'
c:\users\thorsten\documents\github\cgue18-starman\ecg_solution\src\utility\random.h(8): warning C4244: 'return': conversion from 'float' to 'int', possible loss of data
c:\users\thorsten\documents\github\cgue18-starman\ecg_solution\src\rendering\hud.h(6): warning C4005: 'GLEW_STATIC': macro redefinition
  c:\users\thorsten\documents\github\cgue18-starman\ecg_solution\src\rendering\hud.h(6): note: command-line arguments:  see previous definition of 'GLEW_STATIC'
c:\users\thorsten\documents\github\cgue18-starman\ecg_solution\src\main.cpp(124): warning C4244: 'argument': conversion from 'double' to 'int', possible loss of data
c:\users\thorsten\documents\github\cgue18-starman\ecg_solution\src\main.cpp(197): warning C4244: 'argument': conversion from 'int' to 'float', possible loss of data
c:\users\thorsten\documents\github\cgue18-starman\ecg_solution\src\main.cpp(207): warning C4244: 'initializing': conversion from 'double' to 'float', possible loss of data
c:\users\thorsten\documents\github\cgue18-starman\ecg_solution\src\main.cpp(277): warning C4018: '<': signed/unsigned mismatch
c:\users\thorsten\documents\github\cgue18-starman\ecg_solution\src\main.cpp(279): warning C4018: '<': signed/unsigned mismatch
c:\users\thorsten\documents\github\cgue18-starman\ecg_solution\src\main.cpp(292): warning C4244: 'initializing': conversion from 'unsigned int' to 'float', possible loss of data
c:\users\thorsten\documents\github\cgue18-starman\ecg_solution\src\main.cpp(322): warning C4244: '=': conversion from 'double' to 'float', possible loss of data
c:\users\thorsten\documents\github\cgue18-starman\ecg_solution\src\main.cpp(332): warning C4244: 'argument': conversion from 'double' to 'float', possible loss of data
c:\users\thorsten\documents\github\cgue18-starman\ecg_solution\src\main.cpp(339): warning C4244: 'argument': conversion from 'double' to 'float', possible loss of data
c:\users\thorsten\documents\github\cgue18-starman\ecg_solution\src\main.cpp(375): warning C4244: 'argument': conversion from 'double' to 'unsigned int', possible loss of data
  Generating Code...
  ECG_Solution.vcxproj -> C:\Users\Thorsten\Documents\GitHub\cgue18-starman\bin\Debug\ECG_Solution.exe
